<?xml version="1.0" encoding="UTF-8" ?>
<testsuite failures="0" time="1.956" errors="0" skipped="0" tests="3" name="be.nmine.sweetycup.dao.ArticleDaoImplTest">
  <properties>
    <property name="jboss.i18n.generate-proxies" value="true"/>
    <property name="java.runtime.name" value="Java(TM) SE Runtime Environment"/>
    <property name="sun.boot.library.path" value="C:\Program Files\Java\jdk1.6.0_31\jre\bin"/>
    <property name="java.vm.version" value="20.6-b01"/>
    <property name="java.vm.vendor" value="Sun Microsystems Inc."/>
    <property name="java.vendor.url" value="http://java.sun.com/"/>
    <property name="path.separator" value=";"/>
    <property name="java.vm.name" value="Java HotSpot(TM) 64-Bit Server VM"/>
    <property name="file.encoding.pkg" value="sun.io"/>
    <property name="user.country" value="US"/>
    <property name="sun.java.launcher" value="SUN_STANDARD"/>
    <property name="sun.os.patch.level" value="Service Pack 1"/>
    <property name="java.vm.specification.name" value="Java Virtual Machine Specification"/>
    <property name="user.dir" value="D:\dropbox\info\personalProjects\git\poc\scup"/>
    <property name="java.runtime.version" value="1.6.0_31-b05"/>
    <property name="java.awt.graphicsenv" value="sun.awt.Win32GraphicsEnvironment"/>
    <property name="basedir" value="D:\dropbox\info\personalProjects\git\poc\scup"/>
    <property name="java.endorsed.dirs" value="C:\Program Files\Java\jdk1.6.0_31\jre\lib\endorsed"/>
    <property name="os.arch" value="amd64"/>
    <property name="surefire.real.class.path" value="D:\dropbox\info\personalProjects\git\poc\scup\target\surefire\surefirebooter3126254105241247841.jar"/>
    <property name="java.io.tmpdir" value="C:\Users\nmine\AppData\Local\Temp\"/>
    <property name="line.separator" value="
"/>
    <property name="java.vm.specification.vendor" value="Sun Microsystems Inc."/>
    <property name="user.variant" value=""/>
    <property name="os.name" value="Windows 7"/>
    <property name="sun.jnu.encoding" value="Cp1252"/>
    <property name="java.library.path" value="C:\Program Files\Java\jdk1.6.0_31\jre\bin;C:\Windows\Sun\Java\bin;C:\Windows\system32;C:\Windows;C:\Windows\system32;C:\Windows;C:\Windows\System32\Wbem;C:\Windows\System32\WindowsPowerShell\v1.0\;C:\Program Files\TortoiseSVN\bin;C:\Program Files\SlikSvn\bin\;C:\apache-maven-3.0.4\bin;C:\Program Files\Java\jdk1.6.0_31\bin;C:\Program Files (x86)\Belgium Identity Card;C:\Program Files (x86)\Microsoft SQL Server\100\Tools\Binn\VSShell\Common7\IDE\;C:\Program Files (x86)\Microsoft SQL Server\100\Tools\Binn\;C:\Program Files\Microsoft SQL Server\100\Tools\Binn\;C:\Program Files (x86)\Microsoft SQL Server\100\DTS\Binn\;C:\Windows\Microsoft.NET\Framework\v3.5;C:\Program Files\Microsoft SQL Server\100\DTS\Binn\;C:\Program Files (x86)\Microsoft Visual Studio 9.0\Common7\IDE\PrivateAssemblies\;C:\Program Files\SlikSvn\bin;C:\Program Files (x86)\Notepad++;C:\Users\nmine\Documents\formation Spring\mysql-5.5.28-winx64\bin;C:\software\spring\apache-maven-3.0.3\bin;."/>
    <property name="surefire.test.class.path" value="D:\dropbox\info\personalProjects\git\poc\scup\target\test-classes;D:\dropbox\info\personalProjects\git\poc\scup\target\classes;C:\Users\nmine\.m2\repository\org\hibernate\hibernate-validator\4.2.0.Final\hibernate-validator-4.2.0.Final.jar;C:\Users\nmine\.m2\repository\javax\validation\validation-api\1.0.0.GA\validation-api-1.0.0.GA.jar;C:\Users\nmine\.m2\repository\org\springframework\spring-context\3.2.4.RELEASE\spring-context-3.2.4.RELEASE.jar;C:\Users\nmine\.m2\repository\org\springframework\spring-aop\3.2.4.RELEASE\spring-aop-3.2.4.RELEASE.jar;C:\Users\nmine\.m2\repository\org\springframework\spring-beans\3.2.4.RELEASE\spring-beans-3.2.4.RELEASE.jar;C:\Users\nmine\.m2\repository\org\springframework\spring-core\3.2.4.RELEASE\spring-core-3.2.4.RELEASE.jar;C:\Users\nmine\.m2\repository\org\springframework\spring-expression\3.2.4.RELEASE\spring-expression-3.2.4.RELEASE.jar;C:\Users\nmine\.m2\repository\org\springframework\spring-webmvc\3.2.4.RELEASE\spring-webmvc-3.2.4.RELEASE.jar;C:\Users\nmine\.m2\repository\org\springframework\spring-web\3.2.4.RELEASE\spring-web-3.2.4.RELEASE.jar;C:\Users\nmine\.m2\repository\org\springframework\spring-test\3.2.4.RELEASE\spring-test-3.2.4.RELEASE.jar;C:\Users\nmine\.m2\repository\cglib\cglib-nodep\2.2\cglib-nodep-2.2.jar;C:\Users\nmine\.m2\repository\javax\inject\javax.inject\1\javax.inject-1.jar;C:\Users\nmine\.m2\repository\javax\servlet\servlet-api\2.5\servlet-api-2.5.jar;C:\Users\nmine\.m2\repository\javax\servlet\jsp\jsp-api\2.1\jsp-api-2.1.jar;C:\Users\nmine\.m2\repository\javax\servlet\jstl\1.2\jstl-1.2.jar;C:\Users\nmine\.m2\repository\org\springframework\spring-orm\3.2.4.RELEASE\spring-orm-3.2.4.RELEASE.jar;C:\Users\nmine\.m2\repository\aopalliance\aopalliance\1.0\aopalliance-1.0.jar;C:\Users\nmine\.m2\repository\org\springframework\spring-jdbc\3.2.4.RELEASE\spring-jdbc-3.2.4.RELEASE.jar;C:\Users\nmine\.m2\repository\org\springframework\spring-tx\3.2.4.RELEASE\spring-tx-3.2.4.RELEASE.jar;C:\Users\nmine\.m2\repository\org\hibernate\hibernate-entitymanager\4.2.5.Final\hibernate-entitymanager-4.2.5.Final.jar;C:\Users\nmine\.m2\repository\org\jboss\logging\jboss-logging\3.1.0.GA\jboss-logging-3.1.0.GA.jar;C:\Users\nmine\.m2\repository\dom4j\dom4j\1.6.1\dom4j-1.6.1.jar;C:\Users\nmine\.m2\repository\org\jboss\spec\javax\transaction\jboss-transaction-api_1.1_spec\1.0.1.Final\jboss-transaction-api_1.1_spec-1.0.1.Final.jar;C:\Users\nmine\.m2\repository\org\hibernate\javax\persistence\hibernate-jpa-2.0-api\1.0.1.Final\hibernate-jpa-2.0-api-1.0.1.Final.jar;C:\Users\nmine\.m2\repository\org\hibernate\common\hibernate-commons-annotations\4.0.2.Final\hibernate-commons-annotations-4.0.2.Final.jar;C:\Users\nmine\.m2\repository\org\javassist\javassist\3.15.0-GA\javassist-3.15.0-GA.jar;C:\Users\nmine\.m2\repository\org\hibernate\hibernate-core\4.2.5.Final\hibernate-core-4.2.5.Final.jar;C:\Users\nmine\.m2\repository\antlr\antlr\2.7.7\antlr-2.7.7.jar;C:\Users\nmine\.m2\repository\mysql\mysql-connector-java\5.1.26\mysql-connector-java-5.1.26.jar;C:\Users\nmine\.m2\repository\commons-dbcp\commons-dbcp\1.4\commons-dbcp-1.4.jar;C:\Users\nmine\.m2\repository\commons-pool\commons-pool\1.6\commons-pool-1.6.jar;C:\Users\nmine\.m2\repository\org\slf4j\slf4j-api\1.7.0\slf4j-api-1.7.0.jar;C:\Users\nmine\.m2\repository\ch\qos\logback\logback-classic\1.0.7\logback-classic-1.0.7.jar;C:\Users\nmine\.m2\repository\ch\qos\logback\logback-core\1.0.7\logback-core-1.0.7.jar;C:\Users\nmine\.m2\repository\org\slf4j\jcl-over-slf4j\1.7.0\jcl-over-slf4j-1.7.0.jar;C:\Users\nmine\.m2\repository\org\slf4j\log4j-over-slf4j\1.7.0\log4j-over-slf4j-1.7.0.jar;C:\Users\nmine\.m2\repository\org\easytesting\fest-assert-core\2.0M10\fest-assert-core-2.0M10.jar;C:\Users\nmine\.m2\repository\org\easytesting\fest-util\1.2.5\fest-util-1.2.5.jar;C:\Users\nmine\.m2\repository\junit\junit\4.11\junit-4.11.jar;C:\Users\nmine\.m2\repository\org\hamcrest\hamcrest-core\1.3\hamcrest-core-1.3.jar;"/>
    <property name="java.specification.name" value="Java Platform API Specification"/>
    <property name="java.class.version" value="50.0"/>
    <property name="sun.management.compiler" value="HotSpot 64-Bit Tiered Compilers"/>
    <property name="os.version" value="6.1"/>
    <property name="user.home" value="C:\Users\nmine"/>
    <property name="user.timezone" value="Europe/Paris"/>
    <property name="java.awt.printerjob" value="sun.awt.windows.WPrinterJob"/>
    <property name="java.specification.version" value="1.6"/>
    <property name="file.encoding" value="Cp1252"/>
    <property name="user.name" value="nmine"/>
    <property name="java.class.path" value="D:\dropbox\info\personalProjects\git\poc\scup\target\test-classes;D:\dropbox\info\personalProjects\git\poc\scup\target\classes;C:\Users\nmine\.m2\repository\org\hibernate\hibernate-validator\4.2.0.Final\hibernate-validator-4.2.0.Final.jar;C:\Users\nmine\.m2\repository\javax\validation\validation-api\1.0.0.GA\validation-api-1.0.0.GA.jar;C:\Users\nmine\.m2\repository\org\springframework\spring-context\3.2.4.RELEASE\spring-context-3.2.4.RELEASE.jar;C:\Users\nmine\.m2\repository\org\springframework\spring-aop\3.2.4.RELEASE\spring-aop-3.2.4.RELEASE.jar;C:\Users\nmine\.m2\repository\org\springframework\spring-beans\3.2.4.RELEASE\spring-beans-3.2.4.RELEASE.jar;C:\Users\nmine\.m2\repository\org\springframework\spring-core\3.2.4.RELEASE\spring-core-3.2.4.RELEASE.jar;C:\Users\nmine\.m2\repository\org\springframework\spring-expression\3.2.4.RELEASE\spring-expression-3.2.4.RELEASE.jar;C:\Users\nmine\.m2\repository\org\springframework\spring-webmvc\3.2.4.RELEASE\spring-webmvc-3.2.4.RELEASE.jar;C:\Users\nmine\.m2\repository\org\springframework\spring-web\3.2.4.RELEASE\spring-web-3.2.4.RELEASE.jar;C:\Users\nmine\.m2\repository\org\springframework\spring-test\3.2.4.RELEASE\spring-test-3.2.4.RELEASE.jar;C:\Users\nmine\.m2\repository\cglib\cglib-nodep\2.2\cglib-nodep-2.2.jar;C:\Users\nmine\.m2\repository\javax\inject\javax.inject\1\javax.inject-1.jar;C:\Users\nmine\.m2\repository\javax\servlet\servlet-api\2.5\servlet-api-2.5.jar;C:\Users\nmine\.m2\repository\javax\servlet\jsp\jsp-api\2.1\jsp-api-2.1.jar;C:\Users\nmine\.m2\repository\javax\servlet\jstl\1.2\jstl-1.2.jar;C:\Users\nmine\.m2\repository\org\springframework\spring-orm\3.2.4.RELEASE\spring-orm-3.2.4.RELEASE.jar;C:\Users\nmine\.m2\repository\aopalliance\aopalliance\1.0\aopalliance-1.0.jar;C:\Users\nmine\.m2\repository\org\springframework\spring-jdbc\3.2.4.RELEASE\spring-jdbc-3.2.4.RELEASE.jar;C:\Users\nmine\.m2\repository\org\springframework\spring-tx\3.2.4.RELEASE\spring-tx-3.2.4.RELEASE.jar;C:\Users\nmine\.m2\repository\org\hibernate\hibernate-entitymanager\4.2.5.Final\hibernate-entitymanager-4.2.5.Final.jar;C:\Users\nmine\.m2\repository\org\jboss\logging\jboss-logging\3.1.0.GA\jboss-logging-3.1.0.GA.jar;C:\Users\nmine\.m2\repository\dom4j\dom4j\1.6.1\dom4j-1.6.1.jar;C:\Users\nmine\.m2\repository\org\jboss\spec\javax\transaction\jboss-transaction-api_1.1_spec\1.0.1.Final\jboss-transaction-api_1.1_spec-1.0.1.Final.jar;C:\Users\nmine\.m2\repository\org\hibernate\javax\persistence\hibernate-jpa-2.0-api\1.0.1.Final\hibernate-jpa-2.0-api-1.0.1.Final.jar;C:\Users\nmine\.m2\repository\org\hibernate\common\hibernate-commons-annotations\4.0.2.Final\hibernate-commons-annotations-4.0.2.Final.jar;C:\Users\nmine\.m2\repository\org\javassist\javassist\3.15.0-GA\javassist-3.15.0-GA.jar;C:\Users\nmine\.m2\repository\org\hibernate\hibernate-core\4.2.5.Final\hibernate-core-4.2.5.Final.jar;C:\Users\nmine\.m2\repository\antlr\antlr\2.7.7\antlr-2.7.7.jar;C:\Users\nmine\.m2\repository\mysql\mysql-connector-java\5.1.26\mysql-connector-java-5.1.26.jar;C:\Users\nmine\.m2\repository\commons-dbcp\commons-dbcp\1.4\commons-dbcp-1.4.jar;C:\Users\nmine\.m2\repository\commons-pool\commons-pool\1.6\commons-pool-1.6.jar;C:\Users\nmine\.m2\repository\org\slf4j\slf4j-api\1.7.0\slf4j-api-1.7.0.jar;C:\Users\nmine\.m2\repository\ch\qos\logback\logback-classic\1.0.7\logback-classic-1.0.7.jar;C:\Users\nmine\.m2\repository\ch\qos\logback\logback-core\1.0.7\logback-core-1.0.7.jar;C:\Users\nmine\.m2\repository\org\slf4j\jcl-over-slf4j\1.7.0\jcl-over-slf4j-1.7.0.jar;C:\Users\nmine\.m2\repository\org\slf4j\log4j-over-slf4j\1.7.0\log4j-over-slf4j-1.7.0.jar;C:\Users\nmine\.m2\repository\org\easytesting\fest-assert-core\2.0M10\fest-assert-core-2.0M10.jar;C:\Users\nmine\.m2\repository\org\easytesting\fest-util\1.2.5\fest-util-1.2.5.jar;C:\Users\nmine\.m2\repository\junit\junit\4.11\junit-4.11.jar;C:\Users\nmine\.m2\repository\org\hamcrest\hamcrest-core\1.3\hamcrest-core-1.3.jar;"/>
    <property name="java.vm.specification.version" value="1.0"/>
    <property name="sun.arch.data.model" value="64"/>
    <property name="java.home" value="C:\Program Files\Java\jdk1.6.0_31\jre"/>
    <property name="sun.java.command" value="D:\dropbox\info\personalProjects\git\poc\scup\target\surefire\surefirebooter3126254105241247841.jar D:\dropbox\info\personalProjects\git\poc\scup\target\surefire\surefire3451548774426501322tmp D:\dropbox\info\personalProjects\git\poc\scup\target\surefire\surefire3446636961502495351tmp"/>
    <property name="java.specification.vendor" value="Sun Microsystems Inc."/>
    <property name="user.language" value="en"/>
    <property name="awt.toolkit" value="sun.awt.windows.WToolkit"/>
    <property name="java.vm.info" value="mixed mode"/>
    <property name="java.version" value="1.6.0_31"/>
    <property name="java.ext.dirs" value="C:\Program Files\Java\jdk1.6.0_31\jre\lib\ext;C:\Windows\Sun\Java\lib\ext"/>
    <property name="sun.boot.class.path" value="C:\Program Files\Java\jdk1.6.0_31\jre\lib\resources.jar;C:\Program Files\Java\jdk1.6.0_31\jre\lib\rt.jar;C:\Program Files\Java\jdk1.6.0_31\jre\lib\sunrsasign.jar;C:\Program Files\Java\jdk1.6.0_31\jre\lib\jsse.jar;C:\Program Files\Java\jdk1.6.0_31\jre\lib\jce.jar;C:\Program Files\Java\jdk1.6.0_31\jre\lib\charsets.jar;C:\Program Files\Java\jdk1.6.0_31\jre\lib\modules\jdk.boot.jar;C:\Program Files\Java\jdk1.6.0_31\jre\classes"/>
    <property name="java.vendor" value="Sun Microsystems Inc."/>
    <property name="localRepository" value="C:\Users\nmine\.m2\repository"/>
    <property name="file.separator" value="\"/>
    <property name="java.vendor.url.bug" value="http://java.sun.com/cgi-bin/bugreport.cgi"/>
    <property name="sun.cpu.endian" value="little"/>
    <property name="sun.io.unicode.encoding" value="UnicodeLittle"/>
    <property name="sun.desktop" value="windows"/>
    <property name="sun.cpu.isalist" value="amd64"/>
  </properties>
  <testcase time="1.699" classname="be.nmine.sweetycup.dao.ArticleDaoImplTest" name="testFind"/>
  <testcase time="0" classname="be.nmine.sweetycup.dao.ArticleDaoImplTest" name="testSave"/>
  <testcase time="0.004" classname="be.nmine.sweetycup.dao.ArticleDaoImplTest" name="testFindArticles"/>
</testsuite>