<?xml version="1.0" encoding="UTF-8" ?>
<testsuite failures="0" time="0.337" errors="0" skipped="0" tests="1" name="be.nmine.poc.pocMockito.ReservationServicesTest">
  <properties>
    <property name="java.runtime.name" value="Java(TM) SE Runtime Environment"/>
    <property name="sun.boot.library.path" value="C:\Program Files\Java\jdk1.6.0_31\jre\bin"/>
    <property name="java.vm.version" value="20.6-b01"/>
    <property name="java.vm.vendor" value="Sun Microsystems Inc."/>
    <property name="java.vendor.url" value="http://java.sun.com/"/>
    <property name="path.separator" value=";"/>
    <property name="java.vm.name" value="Java HotSpot(TM) 64-Bit Server VM"/>
    <property name="file.encoding.pkg" value="sun.io"/>
    <property name="user.country" value="US"/>
    <property name="sun.java.launcher" value="SUN_STANDARD"/>
    <property name="sun.os.patch.level" value="Service Pack 1"/>
    <property name="java.vm.specification.name" value="Java Virtual Machine Specification"/>
    <property name="user.dir" value="D:\dropbox\info\personalProjects\git\poc\pocMockito"/>
    <property name="java.runtime.version" value="1.6.0_31-b05"/>
    <property name="java.awt.graphicsenv" value="sun.awt.Win32GraphicsEnvironment"/>
    <property name="basedir" value="D:\dropbox\info\personalProjects\git\poc\pocMockito"/>
    <property name="java.endorsed.dirs" value="C:\Program Files\Java\jdk1.6.0_31\jre\lib\endorsed"/>
    <property name="os.arch" value="amd64"/>
    <property name="surefire.real.class.path" value="D:\dropbox\info\personalProjects\git\poc\pocMockito\target\surefire\surefirebooter8636408124288868868.jar"/>
    <property name="java.io.tmpdir" value="C:\Users\nmine\AppData\Local\Temp\"/>
    <property name="line.separator" value="
"/>
    <property name="java.vm.specification.vendor" value="Sun Microsystems Inc."/>
    <property name="user.variant" value=""/>
    <property name="os.name" value="Windows 7"/>
    <property name="sun.jnu.encoding" value="Cp1252"/>
    <property name="java.library.path" value="C:\Program Files\Java\jdk1.6.0_31\jre\bin;C:\Windows\Sun\Java\bin;C:\Windows\system32;C:\Windows;C:\Windows\system32;C:\Windows;C:\Windows\System32\Wbem;C:\Windows\System32\WindowsPowerShell\v1.0\;C:\Program Files\TortoiseSVN\bin;C:\Program Files\SlikSvn\bin\;C:\apache-maven-3.0.4\bin;C:\Program Files\Java\jdk1.6.0_31\bin;C:\Program Files (x86)\Belgium Identity Card;C:\Program Files (x86)\Microsoft SQL Server\100\Tools\Binn\VSShell\Common7\IDE\;C:\Program Files (x86)\Microsoft SQL Server\100\Tools\Binn\;C:\Program Files\Microsoft SQL Server\100\Tools\Binn\;C:\Program Files (x86)\Microsoft SQL Server\100\DTS\Binn\;C:\Windows\Microsoft.NET\Framework\v3.5;C:\Program Files\Microsoft SQL Server\100\DTS\Binn\;C:\Program Files (x86)\Microsoft Visual Studio 9.0\Common7\IDE\PrivateAssemblies\;C:\Program Files\SlikSvn\bin;C:\Program Files (x86)\Notepad++;C:\Users\nmine\Documents\formation Spring\mysql-5.5.28-winx64\bin;C:\software\spring\apache-maven-3.0.3\bin;."/>
    <property name="surefire.test.class.path" value="D:\dropbox\info\personalProjects\git\poc\pocMockito\target\test-classes;D:\dropbox\info\personalProjects\git\poc\pocMockito\target\classes;C:\Users\nmine\.m2\repository\org\mockito\mockito-all\1.9.5\mockito-all-1.9.5.jar;C:\Users\nmine\.m2\repository\junit\junit\4.11\junit-4.11.jar;C:\Users\nmine\.m2\repository\org\hamcrest\hamcrest-core\1.3\hamcrest-core-1.3.jar;C:\Users\nmine\.m2\repository\org\powermock\powermock-module-junit4\1.5\powermock-module-junit4-1.5.jar;C:\Users\nmine\.m2\repository\org\powermock\powermock-module-junit4-common\1.5\powermock-module-junit4-common-1.5.jar;C:\Users\nmine\.m2\repository\org\powermock\powermock-module-test-mockito-junit4\1.5\powermock-module-test-mockito-junit4-1.5.jar;C:\Users\nmine\.m2\repository\org\powermock\powermock-core\1.5\powermock-core-1.5.jar;C:\Users\nmine\.m2\repository\org\powermock\powermock-reflect\1.5\powermock-reflect-1.5.jar;C:\Users\nmine\.m2\repository\org\objenesis\objenesis\1.2\objenesis-1.2.jar;C:\Users\nmine\.m2\repository\org\javassist\javassist\3.17.1-GA\javassist-3.17.1-GA.jar;C:\Users\nmine\.m2\repository\org\powermock\powermock-api-mockito\1.5\powermock-api-mockito-1.5.jar;C:\Users\nmine\.m2\repository\org\powermock\powermock-api-support\1.5\powermock-api-support-1.5.jar;"/>
    <property name="java.specification.name" value="Java Platform API Specification"/>
    <property name="java.class.version" value="50.0"/>
    <property name="sun.management.compiler" value="HotSpot 64-Bit Tiered Compilers"/>
    <property name="os.version" value="6.1"/>
    <property name="user.home" value="C:\Users\nmine"/>
    <property name="user.timezone" value=""/>
    <property name="java.awt.printerjob" value="sun.awt.windows.WPrinterJob"/>
    <property name="java.specification.version" value="1.6"/>
    <property name="file.encoding" value="Cp1252"/>
    <property name="user.name" value="nmine"/>
    <property name="java.class.path" value="D:\dropbox\info\personalProjects\git\poc\pocMockito\target\test-classes;D:\dropbox\info\personalProjects\git\poc\pocMockito\target\classes;C:\Users\nmine\.m2\repository\org\mockito\mockito-all\1.9.5\mockito-all-1.9.5.jar;C:\Users\nmine\.m2\repository\junit\junit\4.11\junit-4.11.jar;C:\Users\nmine\.m2\repository\org\hamcrest\hamcrest-core\1.3\hamcrest-core-1.3.jar;C:\Users\nmine\.m2\repository\org\powermock\powermock-module-junit4\1.5\powermock-module-junit4-1.5.jar;C:\Users\nmine\.m2\repository\org\powermock\powermock-module-junit4-common\1.5\powermock-module-junit4-common-1.5.jar;C:\Users\nmine\.m2\repository\org\powermock\powermock-module-test-mockito-junit4\1.5\powermock-module-test-mockito-junit4-1.5.jar;C:\Users\nmine\.m2\repository\org\powermock\powermock-core\1.5\powermock-core-1.5.jar;C:\Users\nmine\.m2\repository\org\powermock\powermock-reflect\1.5\powermock-reflect-1.5.jar;C:\Users\nmine\.m2\repository\org\objenesis\objenesis\1.2\objenesis-1.2.jar;C:\Users\nmine\.m2\repository\org\javassist\javassist\3.17.1-GA\javassist-3.17.1-GA.jar;C:\Users\nmine\.m2\repository\org\powermock\powermock-api-mockito\1.5\powermock-api-mockito-1.5.jar;C:\Users\nmine\.m2\repository\org\powermock\powermock-api-support\1.5\powermock-api-support-1.5.jar;"/>
    <property name="java.vm.specification.version" value="1.0"/>
    <property name="sun.arch.data.model" value="64"/>
    <property name="java.home" value="C:\Program Files\Java\jdk1.6.0_31\jre"/>
    <property name="sun.java.command" value="D:\dropbox\info\personalProjects\git\poc\pocMockito\target\surefire\surefirebooter8636408124288868868.jar D:\dropbox\info\personalProjects\git\poc\pocMockito\target\surefire\surefire3055278632948117331tmp D:\dropbox\info\personalProjects\git\poc\pocMockito\target\surefire\surefire99652761338685962tmp"/>
    <property name="java.specification.vendor" value="Sun Microsystems Inc."/>
    <property name="user.language" value="en"/>
    <property name="awt.toolkit" value="sun.awt.windows.WToolkit"/>
    <property name="java.vm.info" value="mixed mode"/>
    <property name="java.version" value="1.6.0_31"/>
    <property name="java.ext.dirs" value="C:\Program Files\Java\jdk1.6.0_31\jre\lib\ext;C:\Windows\Sun\Java\lib\ext"/>
    <property name="sun.boot.class.path" value="C:\Program Files\Java\jdk1.6.0_31\jre\lib\resources.jar;C:\Program Files\Java\jdk1.6.0_31\jre\lib\rt.jar;C:\Program Files\Java\jdk1.6.0_31\jre\lib\sunrsasign.jar;C:\Program Files\Java\jdk1.6.0_31\jre\lib\jsse.jar;C:\Program Files\Java\jdk1.6.0_31\jre\lib\jce.jar;C:\Program Files\Java\jdk1.6.0_31\jre\lib\charsets.jar;C:\Program Files\Java\jdk1.6.0_31\jre\lib\modules\jdk.boot.jar;C:\Program Files\Java\jdk1.6.0_31\jre\classes"/>
    <property name="java.vendor" value="Sun Microsystems Inc."/>
    <property name="localRepository" value="C:\Users\nmine\.m2\repository"/>
    <property name="file.separator" value="\"/>
    <property name="java.vendor.url.bug" value="http://java.sun.com/cgi-bin/bugreport.cgi"/>
    <property name="sun.cpu.endian" value="little"/>
    <property name="sun.io.unicode.encoding" value="UnicodeLittle"/>
    <property name="sun.desktop" value="windows"/>
    <property name="sun.cpu.isalist" value="amd64"/>
  </properties>
  <testcase time="0.065" classname="be.nmine.poc.pocMockito.ReservationServicesTest" name="testReservationService"/>
</testsuite>